<?xml version="1.0" encoding="UTF-8"?>
<testsuite name="SearchTests" tests="1" skipped="0" failures="0" errors="0" timestamp="2025-04-07T15:50:43" hostname="Air-Anatolij" time="5.81">
  <properties/>
  <testcase name="successfulSearchTestYandex()" classname="SearchTests" time="5.81"/>
  <system-out><![CDATA[]]></system-out>
  <system-err><![CDATA[SLF4J: No SLF4J providers were found.
SLF4J: Defaulting to no-operation (NOP) logger implementation
SLF4J: See https://www.slf4j.org/codes.html#noProviders for further details.
апр. 07, 2025 8:50:45 PM org.openqa.selenium.devtools.CdpVersionFinder findNearestMatch
WARNING: Unable to find CDP implementation matching 135
апр. 07, 2025 8:50:45 PM org.openqa.selenium.chromium.ChromiumDriver lambda$new$5
WARNING: Unable to find version of CDP to use for 135.0.7049.41. You may need to include a dependency on a specific version of the CDP using something similar to `org.seleniumhq.selenium:selenium-devtools-v86:4.13.0` where the version ("v86") matches the version of the chromium-based browser you're using and the version number of the artifact is the same as Selenium's.
]]></system-err>
</testsuite>
